<?xml version="1.0" encoding="UTF-8"?>
<!-- Generated by org.testng.reporters.JUnitReportReporter -->
<testsuite hostname="Sumedh" failures="0" tests="1" name="com.orangehrm.tests.EndToEndTest" time="29.568" errors="0" timestamp="2025-08-27T17:14:11 IST" skipped="0">
  <testcase classname="com.orangehrm.tests.EndToEndTest" name="testEndToEndFlow_AddEmployee" time="29.568"/>
</testsuite> <!-- com.orangehrm.tests.EndToEndTest -->
