<?xml version="1.0" encoding="UTF-8"?>
<!-- Generated by org.testng.reporters.JUnitReportReporter -->
<testsuite hostname="Sumedh" failures="0" tests="7" name="com.orangehrm.tests.DashboardTest" time="77.152" errors="0" timestamp="2025-08-27T17:14:11 IST" skipped="0">
  <testcase classname="com.orangehrm.tests.DashboardTest" name="testDashboardPageLoad" time="7.528"/>
  <testcase classname="com.orangehrm.tests.DashboardTest" name="testNavigationMenuItems" time="7.450"/>
  <testcase classname="com.orangehrm.tests.DashboardTest" name="testUserProfileDropdown" time="9.629"/>
  <testcase classname="com.orangehrm.tests.DashboardTest" name="testDashboardContent" time="7.826"/>
  <testcase classname="com.orangehrm.tests.DashboardTest" name="testNavigationToOtherModules" time="10.157"/>
  <testcase classname="com.orangehrm.tests.DashboardTest" name="testSearchFunctionality" time="24.788"/>
  <testcase classname="com.orangehrm.tests.DashboardTest" name="testLogoutFromDashboard" time="9.774"/>
</testsuite> <!-- com.orangehrm.tests.DashboardTest -->
