<?xml version="1.0" encoding="UTF-8"?>
<!-- Generated by org.testng.reporters.JUnitReportReporter -->
<testsuite hostname="Sumedh" failures="0" tests="3" name="com.orangehrm.tests.EditEmployeeTest" time="39.815" errors="0" timestamp="2025-08-27T17:14:11 IST" skipped="0">
  <testcase classname="com.orangehrm.tests.EditEmployeeTest" name="testNavigateToEmployeeList" time="13.140"/>
  <testcase classname="com.orangehrm.tests.EditEmployeeTest" name="testSearchAndEditEmployee" time="12.027"/>
  <testcase classname="com.orangehrm.tests.EditEmployeeTest" name="testEditEmployeeDetails" time="14.648"/>
</testsuite> <!-- com.orangehrm.tests.EditEmployeeTest -->
