<?xml version="1.0" encoding="UTF-8"?>
<!-- Generated by org.testng.reporters.JUnitReportReporter -->
<testsuite hostname="Sumedh" failures="0" tests="1" name="com.orangehrm.tests.LoginTest" time="11.986" errors="0" timestamp="2025-08-27T17:14:11 IST" skipped="0">
  <testcase classname="com.orangehrm.tests.LoginTest" name="testSuccessfulLoginAndLogout" time="11.986"/>
</testsuite> <!-- com.orangehrm.tests.LoginTest -->
